<?xml version="1.0" encoding="UTF-8"?>
<coverage generated="1613839704699" clover="3.2.0">
  <project timestamp="1613839704699" name="All files">
    <metrics statements="10" coveredstatements="10" conditionals="0" coveredconditionals="0" methods="4" coveredmethods="4" elements="14" coveredelements="14" complexity="0" loc="10" ncloc="10" packages="1" files="3" classes="3"/>
    <file name="Card.vue" path="/Users/xereda/Desenvolvimento/FESC/repositorios/testes-vagas/office-webapp-test/src/components/Card.vue">
      <metrics statements="6" coveredstatements="6" conditionals="0" coveredconditionals="0" methods="3" coveredmethods="3"/>
      <line num="32" count="1" type="stmt"/>
      <line num="34" count="1" type="stmt"/>
      <line num="47" count="1" type="stmt"/>
      <line num="48" count="1" type="stmt"/>
      <line num="49" count="1" type="stmt"/>
      <line num="53" count="1" type="stmt"/>
    </file>
    <file name="NoticeBar.vue" path="/Users/xereda/Desenvolvimento/FESC/repositorios/testes-vagas/office-webapp-test/src/components/NoticeBar.vue">
      <metrics statements="2" coveredstatements="2" conditionals="0" coveredconditionals="0" methods="0" coveredmethods="0"/>
      <line num="20" count="1" type="stmt"/>
      <line num="22" count="1" type="stmt"/>
    </file>
    <file name="SvgIcon.vue" path="/Users/xereda/Desenvolvimento/FESC/repositorios/testes-vagas/office-webapp-test/src/components/SvgIcon.vue">
      <metrics statements="2" coveredstatements="2" conditionals="0" coveredconditionals="0" methods="1" coveredmethods="1"/>
      <line num="18" count="2" type="stmt"/>
      <line num="31" count="1" type="stmt"/>
    </file>
  </project>
</coverage>
