<?xml version="1.0" encoding="UTF-8"?>
<coverage generated="1613764569748" clover="3.2.0">
  <project timestamp="1613764569748" name="All files">
    <metrics statements="4" coveredstatements="3" conditionals="0" coveredconditionals="0" methods="1" coveredmethods="0" elements="5" coveredelements="3" complexity="0" loc="4" ncloc="4" packages="1" files="2" classes="2"/>
    <file name="NoticeBar.vue" path="/Users/xereda/Desenvolvimento/FESC/repositorios/testes-vagas/office-webapp-test/src/components/NoticeBar.vue">
      <metrics statements="2" coveredstatements="2" conditionals="0" coveredconditionals="0" methods="0" coveredmethods="0"/>
      <line num="20" count="1" type="stmt"/>
      <line num="22" count="1" type="stmt"/>
    </file>
    <file name="SvgIcon.vue" path="/Users/xereda/Desenvolvimento/FESC/repositorios/testes-vagas/office-webapp-test/src/components/SvgIcon.vue">
      <metrics statements="2" coveredstatements="1" conditionals="0" coveredconditionals="0" methods="1" coveredmethods="0"/>
      <line num="18" count="1" type="stmt"/>
      <line num="31" count="0" type="stmt"/>
    </file>
  </project>
</coverage>
