{"/Users/xereda/Desenvolvimento/FESC/repositorios/testes-vagas/office-webapp-test/src/components/NoticeBar.vue": {"path":"/Users/xereda/Desenvolvimento/FESC/repositorios/testes-vagas/office-webapp-test/src/components/NoticeBar.vue","statementMap":{"0":{"start":{"line":20,"column":0},"end":{"line":20,"column":null}},"1":{"start":{"line":22,"column":15},"end":{"line":22,"column":null}}},"fnMap":{},"branchMap":{},"s":{"0":1,"1":1},"f":{},"b":{}}
,"/Users/xereda/Desenvolvimento/FESC/repositorios/testes-vagas/office-webapp-test/src/components/SvgIcon.vue": {"path":"/Users/xereda/Desenvolvimento/FESC/repositorios/testes-vagas/office-webapp-test/src/components/SvgIcon.vue","statementMap":{"0":{"start":{"line":18,"column":15},"end":{"line":18,"column":null}},"1":{"start":{"line":31,"column":4},"end":{"line":31,"column":11}}},"fnMap":{"0":{"name":"(anonymous_0)","decl":{"start":{"line":30,"column":2},"end":{"line":30,"column":6}},"loc":{"start":{"line":30,"column":9},"end":{"line":48,"column":null}}}},"branchMap":{},"s":{"0":1,"1":0},"f":{"0":0},"b":{}}
}
