{"/Users/xereda/Desenvolvimento/FESC/repositorios/testes-vagas/office-webapp-test/src/components/Card.vue": {"path":"/Users/xereda/Desenvolvimento/FESC/repositorios/testes-vagas/office-webapp-test/src/components/Card.vue","statementMap":{"0":{"start":{"line":32,"column":0},"end":{"line":32,"column":null}},"1":{"start":{"line":34,"column":15},"end":{"line":34,"column":null}},"2":{"start":{"line":47,"column":4},"end":{"line":47,"column":9}},"3":{"start":{"line":48,"column":6},"end":{"line":48,"column":13}},"4":{"start":{"line":49,"column":6},"end":{"line":49,"column":11}},"5":{"start":{"line":53,"column":4},"end":{"line":53,"column":11}}},"fnMap":{"0":{"name":"(anonymous_0)","decl":{"start":{"line":46,"column":2},"end":{"line":46,"column":9}},"loc":{"start":{"line":46,"column":12},"end":{"line":51,"column":null}}},"1":{"name":"(anonymous_1)","decl":{"start":{"line":47,"column":19},"end":{"line":47,"column":25}},"loc":{"start":{"line":47,"column":25},"end":{"line":50,"column":null}}},"2":{"name":"(anonymous_2)","decl":{"start":{"line":52,"column":2},"end":{"line":52,"column":6}},"loc":{"start":{"line":52,"column":9},"end":{"line":56,"column":null}}}},"branchMap":{},"s":{"0":1,"1":1,"2":1,"3":1,"4":1,"5":1},"f":{"0":1,"1":1,"2":1},"b":{}}
,"/Users/xereda/Desenvolvimento/FESC/repositorios/testes-vagas/office-webapp-test/src/components/MainButton.vue": {"path":"/Users/xereda/Desenvolvimento/FESC/repositorios/testes-vagas/office-webapp-test/src/components/MainButton.vue","statementMap":{"0":{"start":{"line":14,"column":0},"end":{"line":14,"column":null}},"1":{"start":{"line":16,"column":15},"end":{"line":16,"column":null}}},"fnMap":{},"branchMap":{},"s":{"0":1,"1":1},"f":{},"b":{}}
,"/Users/xereda/Desenvolvimento/FESC/repositorios/testes-vagas/office-webapp-test/src/components/NoticeBar.vue": {"path":"/Users/xereda/Desenvolvimento/FESC/repositorios/testes-vagas/office-webapp-test/src/components/NoticeBar.vue","statementMap":{"0":{"start":{"line":20,"column":0},"end":{"line":20,"column":null}},"1":{"start":{"line":22,"column":15},"end":{"line":22,"column":null}}},"fnMap":{},"branchMap":{},"s":{"0":1,"1":1},"f":{},"b":{}}
,"/Users/xereda/Desenvolvimento/FESC/repositorios/testes-vagas/office-webapp-test/src/components/OfficeDetail.vue": {"path":"/Users/xereda/Desenvolvimento/FESC/repositorios/testes-vagas/office-webapp-test/src/components/OfficeDetail.vue","statementMap":{"0":{"start":{"line":29,"column":0},"end":{"line":29,"column":null}},"1":{"start":{"line":31,"column":15},"end":{"line":31,"column":null}}},"fnMap":{},"branchMap":{},"s":{"0":1,"1":1},"f":{},"b":{}}
,"/Users/xereda/Desenvolvimento/FESC/repositorios/testes-vagas/office-webapp-test/src/components/SimpleButton.vue": {"path":"/Users/xereda/Desenvolvimento/FESC/repositorios/testes-vagas/office-webapp-test/src/components/SimpleButton.vue","statementMap":{"0":{"start":{"line":32,"column":0},"end":{"line":32,"column":null}},"1":{"start":{"line":34,"column":15},"end":{"line":34,"column":null}}},"fnMap":{},"branchMap":{},"s":{"0":2,"1":2},"f":{},"b":{}}
,"/Users/xereda/Desenvolvimento/FESC/repositorios/testes-vagas/office-webapp-test/src/components/SvgIcon.vue": {"path":"/Users/xereda/Desenvolvimento/FESC/repositorios/testes-vagas/office-webapp-test/src/components/SvgIcon.vue","statementMap":{"0":{"start":{"line":18,"column":15},"end":{"line":18,"column":null}},"1":{"start":{"line":31,"column":4},"end":{"line":31,"column":11}}},"fnMap":{"0":{"name":"(anonymous_0)","decl":{"start":{"line":30,"column":2},"end":{"line":30,"column":6}},"loc":{"start":{"line":30,"column":9},"end":{"line":48,"column":null}}}},"branchMap":{},"s":{"0":5,"1":5},"f":{"0":5},"b":{}}
}
