TN:
SF:/Users/xereda/Desenvolvimento/FESC/repositorios/testes-vagas/office-webapp-test/src/components/Card.vue
FN:46,(anonymous_0)
FN:47,(anonymous_1)
FN:52,(anonymous_2)
FNF:3
FNH:3
FNDA:1,(anonymous_0)
FNDA:1,(anonymous_1)
FNDA:1,(anonymous_2)
DA:32,1
DA:34,1
DA:47,1
DA:48,1
DA:49,1
DA:53,1
LF:6
LH:6
BRF:0
BRH:0
end_of_record
TN:
SF:/Users/xereda/Desenvolvimento/FESC/repositorios/testes-vagas/office-webapp-test/src/components/MainButton.vue
FNF:0
FNH:0
DA:14,1
DA:16,1
LF:2
LH:2
BRF:0
BRH:0
end_of_record
TN:
SF:/Users/xereda/Desenvolvimento/FESC/repositorios/testes-vagas/office-webapp-test/src/components/NoticeBar.vue
FNF:0
FNH:0
DA:20,1
DA:22,1
LF:2
LH:2
BRF:0
BRH:0
end_of_record
TN:
SF:/Users/xereda/Desenvolvimento/FESC/repositorios/testes-vagas/office-webapp-test/src/components/OfficeDetail.vue
FNF:0
FNH:0
DA:29,1
DA:31,1
LF:2
LH:2
BRF:0
BRH:0
end_of_record
TN:
SF:/Users/xereda/Desenvolvimento/FESC/repositorios/testes-vagas/office-webapp-test/src/components/SimpleButton.vue
FNF:0
FNH:0
DA:32,2
DA:34,2
LF:2
LH:2
BRF:0
BRH:0
end_of_record
TN:
SF:/Users/xereda/Desenvolvimento/FESC/repositorios/testes-vagas/office-webapp-test/src/components/SvgIcon.vue
FN:30,(anonymous_0)
FNF:1
FNH:1
FNDA:5,(anonymous_0)
DA:18,5
DA:31,5
LF:2
LH:2
BRF:0
BRH:0
end_of_record
